{"/home/dennis/code_work/shopping-list-maker/backend/app.js": {"path":"/home/dennis/code_work/shopping-list-maker/backend/app.js","statementMap":{"0":{"start":{"line":2,"column":16},"end":{"line":2,"column":34}},"1":{"start":{"line":3,"column":13},"end":{"line":3,"column":28}},"2":{"start":{"line":4,"column":26},"end":{"line":4,"column":51}},"3":{"start":{"line":6,"column":19},"end":{"line":6,"column":43}},"4":{"start":{"line":7,"column":20},"end":{"line":7,"column":45}},"5":{"start":{"line":8,"column":23},"end":{"line":8,"column":52}},"6":{"start":{"line":9,"column":22},"end":{"line":9,"column":54}},"7":{"start":{"line":10,"column":28},"end":{"line":10,"column":56}},"8":{"start":{"line":11,"column":12},"end":{"line":11,"column":21}},"9":{"start":{"line":13,"column":0},"end":{"line":13,"column":16}},"10":{"start":{"line":14,"column":0},"end":{"line":14,"column":24}},"11":{"start":{"line":15,"column":0},"end":{"line":15,"column":25}},"12":{"start":{"line":16,"column":0},"end":{"line":16,"column":29}},"13":{"start":{"line":17,"column":0},"end":{"line":17,"column":31}},"14":{"start":{"line":18,"column":0},"end":{"line":18,"column":37}},"15":{"start":{"line":19,"column":0},"end":{"line":19,"column":35}},"16":{"start":{"line":22,"column":0},"end":{"line":24,"column":3}},"17":{"start":{"line":23,"column":2},"end":{"line":23,"column":35}},"18":{"start":{"line":27,"column":0},"end":{"line":35,"column":3}},"19":{"start":{"line":28,"column":2},"end":{"line":28,"column":64}},"20":{"start":{"line":28,"column":39},"end":{"line":28,"column":64}},"21":{"start":{"line":29,"column":17},"end":{"line":29,"column":34}},"22":{"start":{"line":30,"column":18},"end":{"line":30,"column":29}},"23":{"start":{"line":32,"column":2},"end":{"line":34,"column":5}},"24":{"start":{"line":37,"column":0},"end":{"line":37,"column":21}}},"fnMap":{"0":{"name":"(anonymous_0)","decl":{"start":{"line":22,"column":8},"end":{"line":22,"column":9}},"loc":{"start":{"line":22,"column":34},"end":{"line":24,"column":1}},"line":22},"1":{"name":"(anonymous_1)","decl":{"start":{"line":27,"column":8},"end":{"line":27,"column":9}},"loc":{"start":{"line":27,"column":39},"end":{"line":35,"column":1}},"line":27}},"branchMap":{"0":{"loc":{"start":{"line":28,"column":2},"end":{"line":28,"column":64}},"type":"if","locations":[{"start":{"line":28,"column":2},"end":{"line":28,"column":64}},{"start":{},"end":{}}],"line":28},"1":{"loc":{"start":{"line":29,"column":17},"end":{"line":29,"column":34}},"type":"binary-expr","locations":[{"start":{"line":29,"column":17},"end":{"line":29,"column":27}},{"start":{"line":29,"column":31},"end":{"line":29,"column":34}}],"line":29}},"s":{"0":5,"1":5,"2":5,"3":5,"4":5,"5":5,"6":5,"7":5,"8":5,"9":5,"10":5,"11":5,"12":5,"13":5,"14":5,"15":5,"16":5,"17":2,"18":5,"19":34,"20":1,"21":34,"22":34,"23":34,"24":5},"f":{"0":2,"1":34},"b":{"0":[1,33],"1":[34,0]},"_coverageSchema":"1a1c01bbd47fc00a2c39e90264f33305004495a9","hash":"6c4a36ee856f93cd462ce0a4a292ce5bde35bd53"}
,"/home/dennis/code_work/shopping-list-maker/backend/config.js": {"path":"/home/dennis/code_work/shopping-list-maker/backend/config.js","statementMap":{"0":{"start":{"line":1,"column":19},"end":{"line":1,"column":53}},"1":{"start":{"line":3,"column":13},"end":{"line":3,"column":38}},"2":{"start":{"line":5,"column":27},"end":{"line":5,"column":67}},"3":{"start":{"line":8,"column":2},"end":{"line":11,"column":61}},"4":{"start":{"line":13,"column":24},"end":{"line":13,"column":53}},"5":{"start":{"line":14,"column":28},"end":{"line":14,"column":62}},"6":{"start":{"line":15,"column":0},"end":{"line":22,"column":2}}},"fnMap":{"0":{"name":"getDatabaseUri","decl":{"start":{"line":7,"column":9},"end":{"line":7,"column":23}},"loc":{"start":{"line":7,"column":26},"end":{"line":12,"column":1}},"line":7}},"branchMap":{"0":{"loc":{"start":{"line":1,"column":19},"end":{"line":1,"column":53}},"type":"binary-expr","locations":[{"start":{"line":1,"column":19},"end":{"line":1,"column":41}},{"start":{"line":1,"column":45},"end":{"line":1,"column":53}}],"line":1},"1":{"loc":{"start":{"line":3,"column":13},"end":{"line":3,"column":38}},"type":"binary-expr","locations":[{"start":{"line":3,"column":13},"end":{"line":3,"column":30}},{"start":{"line":3,"column":34},"end":{"line":3,"column":38}}],"line":3},"2":{"loc":{"start":{"line":5,"column":27},"end":{"line":5,"column":67}},"type":"cond-expr","locations":[{"start":{"line":5,"column":61},"end":{"line":5,"column":62}},{"start":{"line":5,"column":65},"end":{"line":5,"column":67}}],"line":5},"3":{"loc":{"start":{"line":8,"column":9},"end":{"line":11,"column":60}},"type":"cond-expr","locations":[{"start":{"line":9,"column":6},"end":{"line":9,"column":63}},{"start":{"line":10,"column":6},"end":{"line":11,"column":60}}],"line":8},"4":{"loc":{"start":{"line":10,"column":6},"end":{"line":11,"column":60}},"type":"binary-expr","locations":[{"start":{"line":10,"column":6},"end":{"line":10,"column":30}},{"start":{"line":11,"column":8},"end":{"line":11,"column":60}}],"line":10}},"s":{"0":12,"1":12,"2":12,"3":10,"4":12,"5":12,"6":12},"f":{"0":10},"b":{"0":[12,11],"1":[12,11],"2":[11,1],"3":[8,2],"4":[2,1]},"_coverageSchema":"1a1c01bbd47fc00a2c39e90264f33305004495a9","hash":"f5b0c9b36a466b383c34811956bdbc43fbf6691b"}
,"/home/dennis/code_work/shopping-list-maker/backend/db.js": {"path":"/home/dennis/code_work/shopping-list-maker/backend/db.js","statementMap":{"0":{"start":{"line":1,"column":19},"end":{"line":1,"column":32}},"1":{"start":{"line":2,"column":27},"end":{"line":2,"column":46}},"2":{"start":{"line":6,"column":0},"end":{"line":17,"column":1}},"3":{"start":{"line":7,"column":2},"end":{"line":12,"column":5}},"4":{"start":{"line":14,"column":2},"end":{"line":16,"column":5}},"5":{"start":{"line":19,"column":0},"end":{"line":19,"column":13}},"6":{"start":{"line":21,"column":0},"end":{"line":21,"column":20}}},"fnMap":{},"branchMap":{"0":{"loc":{"start":{"line":6,"column":0},"end":{"line":17,"column":1}},"type":"if","locations":[{"start":{"line":6,"column":0},"end":{"line":17,"column":1}},{"start":{"line":13,"column":7},"end":{"line":17,"column":1}}],"line":6}},"s":{"0":7,"1":7,"2":7,"3":0,"4":7,"5":7,"6":7},"f":{},"b":{"0":[0,7]},"_coverageSchema":"1a1c01bbd47fc00a2c39e90264f33305004495a9","hash":"26a8d26aabf4793622507736443553e555483673"}
,"/home/dennis/code_work/shopping-list-maker/backend/expressError.js": {"path":"/home/dennis/code_work/shopping-list-maker/backend/expressError.js","statementMap":{"0":{"start":{"line":7,"column":4},"end":{"line":7,"column":12}},"1":{"start":{"line":8,"column":4},"end":{"line":8,"column":27}},"2":{"start":{"line":9,"column":4},"end":{"line":9,"column":25}},"3":{"start":{"line":17,"column":4},"end":{"line":17,"column":24}},"4":{"start":{"line":25,"column":4},"end":{"line":25,"column":24}},"5":{"start":{"line":33,"column":4},"end":{"line":33,"column":24}},"6":{"start":{"line":37,"column":0},"end":{"line":42,"column":2}}},"fnMap":{"0":{"name":"(anonymous_0)","decl":{"start":{"line":6,"column":2},"end":{"line":6,"column":3}},"loc":{"start":{"line":6,"column":31},"end":{"line":10,"column":3}},"line":6},"1":{"name":"(anonymous_1)","decl":{"start":{"line":16,"column":2},"end":{"line":16,"column":3}},"loc":{"start":{"line":16,"column":37},"end":{"line":18,"column":3}},"line":16},"2":{"name":"(anonymous_2)","decl":{"start":{"line":24,"column":2},"end":{"line":24,"column":3}},"loc":{"start":{"line":24,"column":40},"end":{"line":26,"column":3}},"line":24},"3":{"name":"(anonymous_3)","decl":{"start":{"line":32,"column":2},"end":{"line":32,"column":3}},"loc":{"start":{"line":32,"column":39},"end":{"line":34,"column":3}},"line":32}},"branchMap":{"0":{"loc":{"start":{"line":16,"column":14},"end":{"line":16,"column":35}},"type":"default-arg","locations":[{"start":{"line":16,"column":24},"end":{"line":16,"column":35}}],"line":16},"1":{"loc":{"start":{"line":24,"column":14},"end":{"line":24,"column":38}},"type":"default-arg","locations":[{"start":{"line":24,"column":24},"end":{"line":24,"column":38}}],"line":24},"2":{"loc":{"start":{"line":32,"column":14},"end":{"line":32,"column":37}},"type":"default-arg","locations":[{"start":{"line":32,"column":24},"end":{"line":32,"column":37}}],"line":32}},"s":{"0":47,"1":47,"2":47,"3":7,"4":34,"5":6,"6":8},"f":{"0":47,"1":7,"2":34,"3":6},"b":{"0":[2],"1":[30],"2":[0]},"_coverageSchema":"1a1c01bbd47fc00a2c39e90264f33305004495a9","hash":"8d4b6946a95817176560cb04e789c3ed255525e6"}
,"/home/dennis/code_work/shopping-list-maker/backend/client/client.js": {"path":"/home/dennis/code_work/shopping-list-maker/backend/client/client.js","statementMap":{"0":{"start":{"line":1,"column":14},"end":{"line":1,"column":30}},"1":{"start":{"line":2,"column":49},"end":{"line":2,"column":69}},"2":{"start":{"line":3,"column":19},"end":{"line":3,"column":40}},"3":{"start":{"line":4,"column":22},"end":{"line":4,"column":72}},"4":{"start":{"line":7,"column":2},"end":{"line":40,"column":3}},"5":{"start":{"line":8,"column":21},"end":{"line":10,"column":5}},"6":{"start":{"line":11,"column":4},"end":{"line":37,"column":5}},"7":{"start":{"line":12,"column":20},"end":{"line":15,"column":7}},"8":{"start":{"line":16,"column":6},"end":{"line":16,"column":23}},"9":{"start":{"line":18,"column":27},"end":{"line":18,"column":49}},"10":{"start":{"line":19,"column":27},"end":{"line":35,"column":7}},"11":{"start":{"line":36,"column":6},"end":{"line":36,"column":30}},"12":{"start":{"line":39,"column":4},"end":{"line":39,"column":15}},"13":{"start":{"line":43,"column":0},"end":{"line":45,"column":2}}},"fnMap":{"0":{"name":"locationApi","decl":{"start":{"line":6,"column":15},"end":{"line":6,"column":26}},"loc":{"start":{"line":6,"column":43},"end":{"line":41,"column":1}},"line":6}},"branchMap":{"0":{"loc":{"start":{"line":11,"column":4},"end":{"line":37,"column":5}},"type":"if","locations":[{"start":{"line":11,"column":4},"end":{"line":37,"column":5}},{"start":{"line":17,"column":11},"end":{"line":37,"column":5}}],"line":11},"1":{"loc":{"start":{"line":20,"column":18},"end":{"line":20,"column":80}},"type":"cond-expr","locations":[{"start":{"line":20,"column":42},"end":{"line":20,"column":73}},{"start":{"line":20,"column":76},"end":{"line":20,"column":80}}],"line":20},"2":{"loc":{"start":{"line":22,"column":10},"end":{"line":24,"column":18}},"type":"cond-expr","locations":[{"start":{"line":23,"column":14},"end":{"line":23,"column":35}},{"start":{"line":24,"column":14},"end":{"line":24,"column":18}}],"line":22},"3":{"loc":{"start":{"line":26,"column":10},"end":{"line":28,"column":18}},"type":"cond-expr","locations":[{"start":{"line":27,"column":14},"end":{"line":27,"column":36}},{"start":{"line":28,"column":14},"end":{"line":28,"column":18}}],"line":26},"4":{"loc":{"start":{"line":31,"column":10},"end":{"line":31,"column":78}},"type":"cond-expr","locations":[{"start":{"line":31,"column":54},"end":{"line":31,"column":71}},{"start":{"line":31,"column":74},"end":{"line":31,"column":78}}],"line":31}},"s":{"0":6,"1":6,"2":6,"3":6,"4":5,"5":5,"6":5,"7":2,"8":2,"9":1,"10":1,"11":1,"12":2,"13":6},"f":{"0":5},"b":{"0":[2,1],"1":[0,1],"2":[0,1],"3":[0,1],"4":[1,0]},"_coverageSchema":"1a1c01bbd47fc00a2c39e90264f33305004495a9","hash":"733587933a9115a7ff5cb6b057d0cf8a83204807"}
,"/home/dennis/code_work/shopping-list-maker/backend/client/weather.js": {"path":"/home/dennis/code_work/shopping-list-maker/backend/client/weather.js","statementMap":{"0":{"start":{"line":1,"column":14},"end":{"line":1,"column":30}},"1":{"start":{"line":2,"column":33},"end":{"line":2,"column":53}},"2":{"start":{"line":4,"column":23},"end":{"line":4,"column":73}},"3":{"start":{"line":7,"column":16},"end":{"line":7,"column":143}},"4":{"start":{"line":8,"column":2},"end":{"line":15,"column":3}},"5":{"start":{"line":9,"column":21},"end":{"line":9,"column":45}},"6":{"start":{"line":10,"column":4},"end":{"line":10,"column":25}},"7":{"start":{"line":12,"column":4},"end":{"line":12,"column":25}},"8":{"start":{"line":14,"column":4},"end":{"line":14,"column":15}},"9":{"start":{"line":19,"column":15},"end":{"line":19,"column":17}},"10":{"start":{"line":20,"column":2},"end":{"line":20,"column":50}},"11":{"start":{"line":21,"column":2},"end":{"line":21,"column":60}},"12":{"start":{"line":22,"column":2},"end":{"line":22,"column":71}},"13":{"start":{"line":23,"column":2},"end":{"line":23,"column":100}},"14":{"start":{"line":23,"column":34},"end":{"line":23,"column":99}},"15":{"start":{"line":24,"column":2},"end":{"line":24,"column":100}},"16":{"start":{"line":24,"column":34},"end":{"line":24,"column":99}},"17":{"start":{"line":25,"column":2},"end":{"line":25,"column":16}},"18":{"start":{"line":29,"column":2},"end":{"line":35,"column":3}},"19":{"start":{"line":30,"column":4},"end":{"line":30,"column":100}},"20":{"start":{"line":31,"column":9},"end":{"line":35,"column":3}},"21":{"start":{"line":32,"column":4},"end":{"line":32,"column":330}},"22":{"start":{"line":34,"column":4},"end":{"line":34,"column":349}},"23":{"start":{"line":40,"column":2},"end":{"line":40,"column":57}},"24":{"start":{"line":40,"column":21},"end":{"line":40,"column":57}},"25":{"start":{"line":41,"column":2},"end":{"line":41,"column":73}},"26":{"start":{"line":41,"column":39},"end":{"line":41,"column":73}},"27":{"start":{"line":42,"column":2},"end":{"line":42,"column":134}},"28":{"start":{"line":42,"column":39},"end":{"line":42,"column":134}},"29":{"start":{"line":43,"column":2},"end":{"line":43,"column":173}},"30":{"start":{"line":43,"column":39},"end":{"line":43,"column":173}},"31":{"start":{"line":44,"column":2},"end":{"line":44,"column":165}},"32":{"start":{"line":44,"column":39},"end":{"line":44,"column":165}},"33":{"start":{"line":45,"column":2},"end":{"line":45,"column":140}},"34":{"start":{"line":45,"column":21},"end":{"line":45,"column":140}},"35":{"start":{"line":49,"column":2},"end":{"line":49,"column":174}},"36":{"start":{"line":49,"column":21},"end":{"line":49,"column":174}},"37":{"start":{"line":50,"column":2},"end":{"line":50,"column":141}},"38":{"start":{"line":50,"column":39},"end":{"line":50,"column":141}},"39":{"start":{"line":51,"column":2},"end":{"line":51,"column":102}},"40":{"start":{"line":51,"column":40},"end":{"line":51,"column":102}},"41":{"start":{"line":52,"column":2},"end":{"line":52,"column":129}},"42":{"start":{"line":52,"column":40},"end":{"line":52,"column":129}},"43":{"start":{"line":53,"column":2},"end":{"line":53,"column":108}},"44":{"start":{"line":53,"column":40},"end":{"line":53,"column":108}},"45":{"start":{"line":54,"column":2},"end":{"line":54,"column":110}},"46":{"start":{"line":54,"column":40},"end":{"line":54,"column":110}},"47":{"start":{"line":55,"column":2},"end":{"line":55,"column":108}},"48":{"start":{"line":55,"column":21},"end":{"line":55,"column":108}},"49":{"start":{"line":58,"column":2},"end":{"line":58,"column":108}},"50":{"start":{"line":58,"column":19},"end":{"line":58,"column":108}},"51":{"start":{"line":59,"column":2},"end":{"line":59,"column":127}},"52":{"start":{"line":59,"column":36},"end":{"line":59,"column":127}},"53":{"start":{"line":60,"column":2},"end":{"line":60,"column":118}},"54":{"start":{"line":60,"column":20},"end":{"line":60,"column":118}},"55":{"start":{"line":63,"column":2},"end":{"line":63,"column":38}},"56":{"start":{"line":63,"column":19},"end":{"line":63,"column":38}},"57":{"start":{"line":64,"column":2},"end":{"line":64,"column":58}},"58":{"start":{"line":64,"column":36},"end":{"line":64,"column":58}},"59":{"start":{"line":65,"column":2},"end":{"line":65,"column":56}},"60":{"start":{"line":65,"column":37},"end":{"line":65,"column":56}},"61":{"start":{"line":66,"column":2},"end":{"line":66,"column":42}},"62":{"start":{"line":66,"column":21},"end":{"line":66,"column":42}},"63":{"start":{"line":93,"column":0},"end":{"line":98,"column":2}}},"fnMap":{"0":{"name":"weatherApiCurrent","decl":{"start":{"line":6,"column":15},"end":{"line":6,"column":32}},"loc":{"start":{"line":6,"column":55},"end":{"line":16,"column":1}},"line":6},"1":{"name":"weatherInterpreter","decl":{"start":{"line":18,"column":9},"end":{"line":18,"column":27}},"loc":{"start":{"line":18,"column":44},"end":{"line":26,"column":1}},"line":18},"2":{"name":"handleUVI","decl":{"start":{"line":28,"column":9},"end":{"line":28,"column":18}},"loc":{"start":{"line":28,"column":27},"end":{"line":36,"column":1}},"line":28},"3":{"name":"handleWind","decl":{"start":{"line":39,"column":9},"end":{"line":39,"column":19}},"loc":{"start":{"line":39,"column":30},"end":{"line":46,"column":1}},"line":39},"4":{"name":"handleFeelslike","decl":{"start":{"line":48,"column":9},"end":{"line":48,"column":24}},"loc":{"start":{"line":48,"column":35},"end":{"line":56,"column":1}},"line":48},"5":{"name":"handleSnowFall","decl":{"start":{"line":57,"column":9},"end":{"line":57,"column":23}},"loc":{"start":{"line":57,"column":33},"end":{"line":61,"column":1}},"line":57},"6":{"name":"handleRainFall","decl":{"start":{"line":62,"column":9},"end":{"line":62,"column":23}},"loc":{"start":{"line":62,"column":33},"end":{"line":67,"column":1}},"line":62}},"branchMap":{"0":{"loc":{"start":{"line":23,"column":2},"end":{"line":23,"column":100}},"type":"if","locations":[{"start":{"line":23,"column":2},"end":{"line":23,"column":100}},{"start":{},"end":{}}],"line":23},"1":{"loc":{"start":{"line":24,"column":2},"end":{"line":24,"column":100}},"type":"if","locations":[{"start":{"line":24,"column":2},"end":{"line":24,"column":100}},{"start":{},"end":{}}],"line":24},"2":{"loc":{"start":{"line":29,"column":2},"end":{"line":35,"column":3}},"type":"if","locations":[{"start":{"line":29,"column":2},"end":{"line":35,"column":3}},{"start":{"line":31,"column":9},"end":{"line":35,"column":3}}],"line":29},"3":{"loc":{"start":{"line":31,"column":9},"end":{"line":35,"column":3}},"type":"if","locations":[{"start":{"line":31,"column":9},"end":{"line":35,"column":3}},{"start":{"line":33,"column":9},"end":{"line":35,"column":3}}],"line":31},"4":{"loc":{"start":{"line":31,"column":13},"end":{"line":31,"column":36}},"type":"binary-expr","locations":[{"start":{"line":31,"column":13},"end":{"line":31,"column":23}},{"start":{"line":31,"column":27},"end":{"line":31,"column":36}}],"line":31},"5":{"loc":{"start":{"line":40,"column":2},"end":{"line":40,"column":57}},"type":"if","locations":[{"start":{"line":40,"column":2},"end":{"line":40,"column":57}},{"start":{},"end":{}}],"line":40},"6":{"loc":{"start":{"line":41,"column":2},"end":{"line":41,"column":73}},"type":"if","locations":[{"start":{"line":41,"column":2},"end":{"line":41,"column":73}},{"start":{},"end":{}}],"line":41},"7":{"loc":{"start":{"line":41,"column":6},"end":{"line":41,"column":37}},"type":"binary-expr","locations":[{"start":{"line":41,"column":6},"end":{"line":41,"column":20}},{"start":{"line":41,"column":24},"end":{"line":41,"column":37}}],"line":41},"8":{"loc":{"start":{"line":42,"column":2},"end":{"line":42,"column":134}},"type":"if","locations":[{"start":{"line":42,"column":2},"end":{"line":42,"column":134}},{"start":{},"end":{}}],"line":42},"9":{"loc":{"start":{"line":42,"column":6},"end":{"line":42,"column":37}},"type":"binary-expr","locations":[{"start":{"line":42,"column":6},"end":{"line":42,"column":20}},{"start":{"line":42,"column":24},"end":{"line":42,"column":37}}],"line":42},"10":{"loc":{"start":{"line":43,"column":2},"end":{"line":43,"column":173}},"type":"if","locations":[{"start":{"line":43,"column":2},"end":{"line":43,"column":173}},{"start":{},"end":{}}],"line":43},"11":{"loc":{"start":{"line":43,"column":6},"end":{"line":43,"column":37}},"type":"binary-expr","locations":[{"start":{"line":43,"column":6},"end":{"line":43,"column":20}},{"start":{"line":43,"column":24},"end":{"line":43,"column":37}}],"line":43},"12":{"loc":{"start":{"line":44,"column":2},"end":{"line":44,"column":165}},"type":"if","locations":[{"start":{"line":44,"column":2},"end":{"line":44,"column":165}},{"start":{},"end":{}}],"line":44},"13":{"loc":{"start":{"line":44,"column":6},"end":{"line":44,"column":37}},"type":"binary-expr","locations":[{"start":{"line":44,"column":6},"end":{"line":44,"column":20}},{"start":{"line":44,"column":24},"end":{"line":44,"column":37}}],"line":44},"14":{"loc":{"start":{"line":45,"column":2},"end":{"line":45,"column":140}},"type":"if","locations":[{"start":{"line":45,"column":2},"end":{"line":45,"column":140}},{"start":{},"end":{}}],"line":45},"15":{"loc":{"start":{"line":49,"column":2},"end":{"line":49,"column":174}},"type":"if","locations":[{"start":{"line":49,"column":2},"end":{"line":49,"column":174}},{"start":{},"end":{}}],"line":49},"16":{"loc":{"start":{"line":50,"column":2},"end":{"line":50,"column":141}},"type":"if","locations":[{"start":{"line":50,"column":2},"end":{"line":50,"column":141}},{"start":{},"end":{}}],"line":50},"17":{"loc":{"start":{"line":50,"column":6},"end":{"line":50,"column":37}},"type":"binary-expr","locations":[{"start":{"line":50,"column":6},"end":{"line":50,"column":20}},{"start":{"line":50,"column":24},"end":{"line":50,"column":37}}],"line":50},"18":{"loc":{"start":{"line":51,"column":2},"end":{"line":51,"column":102}},"type":"if","locations":[{"start":{"line":51,"column":2},"end":{"line":51,"column":102}},{"start":{},"end":{}}],"line":51},"19":{"loc":{"start":{"line":51,"column":6},"end":{"line":51,"column":38}},"type":"binary-expr","locations":[{"start":{"line":51,"column":6},"end":{"line":51,"column":21}},{"start":{"line":51,"column":25},"end":{"line":51,"column":38}}],"line":51},"20":{"loc":{"start":{"line":52,"column":2},"end":{"line":52,"column":129}},"type":"if","locations":[{"start":{"line":52,"column":2},"end":{"line":52,"column":129}},{"start":{},"end":{}}],"line":52},"21":{"loc":{"start":{"line":52,"column":6},"end":{"line":52,"column":38}},"type":"binary-expr","locations":[{"start":{"line":52,"column":6},"end":{"line":52,"column":21}},{"start":{"line":52,"column":25},"end":{"line":52,"column":38}}],"line":52},"22":{"loc":{"start":{"line":53,"column":2},"end":{"line":53,"column":108}},"type":"if","locations":[{"start":{"line":53,"column":2},"end":{"line":53,"column":108}},{"start":{},"end":{}}],"line":53},"23":{"loc":{"start":{"line":53,"column":6},"end":{"line":53,"column":38}},"type":"binary-expr","locations":[{"start":{"line":53,"column":6},"end":{"line":53,"column":21}},{"start":{"line":53,"column":25},"end":{"line":53,"column":38}}],"line":53},"24":{"loc":{"start":{"line":54,"column":2},"end":{"line":54,"column":110}},"type":"if","locations":[{"start":{"line":54,"column":2},"end":{"line":54,"column":110}},{"start":{},"end":{}}],"line":54},"25":{"loc":{"start":{"line":54,"column":6},"end":{"line":54,"column":38}},"type":"binary-expr","locations":[{"start":{"line":54,"column":6},"end":{"line":54,"column":21}},{"start":{"line":54,"column":25},"end":{"line":54,"column":38}}],"line":54},"26":{"loc":{"start":{"line":55,"column":2},"end":{"line":55,"column":108}},"type":"if","locations":[{"start":{"line":55,"column":2},"end":{"line":55,"column":108}},{"start":{},"end":{}}],"line":55},"27":{"loc":{"start":{"line":58,"column":2},"end":{"line":58,"column":108}},"type":"if","locations":[{"start":{"line":58,"column":2},"end":{"line":58,"column":108}},{"start":{},"end":{}}],"line":58},"28":{"loc":{"start":{"line":59,"column":2},"end":{"line":59,"column":127}},"type":"if","locations":[{"start":{"line":59,"column":2},"end":{"line":59,"column":127}},{"start":{},"end":{}}],"line":59},"29":{"loc":{"start":{"line":59,"column":6},"end":{"line":59,"column":34}},"type":"binary-expr","locations":[{"start":{"line":59,"column":6},"end":{"line":59,"column":19}},{"start":{"line":59,"column":23},"end":{"line":59,"column":34}}],"line":59},"30":{"loc":{"start":{"line":60,"column":2},"end":{"line":60,"column":118}},"type":"if","locations":[{"start":{"line":60,"column":2},"end":{"line":60,"column":118}},{"start":{},"end":{}}],"line":60},"31":{"loc":{"start":{"line":63,"column":2},"end":{"line":63,"column":38}},"type":"if","locations":[{"start":{"line":63,"column":2},"end":{"line":63,"column":38}},{"start":{},"end":{}}],"line":63},"32":{"loc":{"start":{"line":64,"column":2},"end":{"line":64,"column":58}},"type":"if","locations":[{"start":{"line":64,"column":2},"end":{"line":64,"column":58}},{"start":{},"end":{}}],"line":64},"33":{"loc":{"start":{"line":64,"column":6},"end":{"line":64,"column":34}},"type":"binary-expr","locations":[{"start":{"line":64,"column":6},"end":{"line":64,"column":19}},{"start":{"line":64,"column":23},"end":{"line":64,"column":34}}],"line":64},"34":{"loc":{"start":{"line":65,"column":2},"end":{"line":65,"column":56}},"type":"if","locations":[{"start":{"line":65,"column":2},"end":{"line":65,"column":56}},{"start":{},"end":{}}],"line":65},"35":{"loc":{"start":{"line":65,"column":6},"end":{"line":65,"column":35}},"type":"binary-expr","locations":[{"start":{"line":65,"column":6},"end":{"line":65,"column":19}},{"start":{"line":65,"column":23},"end":{"line":65,"column":35}}],"line":65},"36":{"loc":{"start":{"line":66,"column":2},"end":{"line":66,"column":42}},"type":"if","locations":[{"start":{"line":66,"column":2},"end":{"line":66,"column":42}},{"start":{},"end":{}}],"line":66}},"s":{"0":6,"1":6,"2":6,"3":2,"4":2,"5":2,"6":2,"7":2,"8":0,"9":2,"10":2,"11":2,"12":2,"13":2,"14":1,"15":2,"16":0,"17":2,"18":5,"19":3,"20":2,"21":1,"22":1,"23":2,"24":0,"25":2,"26":2,"27":0,"28":0,"29":0,"30":0,"31":0,"32":0,"33":0,"34":0,"35":2,"36":0,"37":2,"38":1,"39":1,"40":1,"41":0,"42":0,"43":0,"44":0,"45":0,"46":0,"47":0,"48":0,"49":1,"50":1,"51":0,"52":0,"53":0,"54":0,"55":0,"56":0,"57":0,"58":0,"59":0,"60":0,"61":0,"62":0,"63":6},"f":{"0":2,"1":2,"2":5,"3":2,"4":2,"5":1,"6":0},"b":{"0":[1,1],"1":[0,2],"2":[3,2],"3":[1,1],"4":[2,2],"5":[0,2],"6":[2,0],"7":[2,2],"8":[0,0],"9":[0,0],"10":[0,0],"11":[0,0],"12":[0,0],"13":[0,0],"14":[0,0],"15":[0,2],"16":[1,1],"17":[2,2],"18":[1,0],"19":[1,1],"20":[0,0],"21":[0,0],"22":[0,0],"23":[0,0],"24":[0,0],"25":[0,0],"26":[0,0],"27":[1,0],"28":[0,0],"29":[0,0],"30":[0,0],"31":[0,0],"32":[0,0],"33":[0,0],"34":[0,0],"35":[0,0],"36":[0,0]},"_coverageSchema":"1a1c01bbd47fc00a2c39e90264f33305004495a9","hash":"371863141b40a43958feebfc42d6c71f905d3300"}
,"/home/dennis/code_work/shopping-list-maker/backend/helpers/token.js": {"path":"/home/dennis/code_work/shopping-list-maker/backend/helpers/token.js","statementMap":{"0":{"start":{"line":1,"column":12},"end":{"line":1,"column":35}},"1":{"start":{"line":2,"column":23},"end":{"line":2,"column":43}},"2":{"start":{"line":7,"column":2},"end":{"line":10,"column":4}},"3":{"start":{"line":12,"column":16},"end":{"line":15,"column":3}},"4":{"start":{"line":17,"column":2},"end":{"line":17,"column":39}},"5":{"start":{"line":20,"column":0},"end":{"line":20,"column":33}}},"fnMap":{"0":{"name":"createToken","decl":{"start":{"line":6,"column":9},"end":{"line":6,"column":20}},"loc":{"start":{"line":6,"column":27},"end":{"line":18,"column":1}},"line":6}},"branchMap":{"0":{"loc":{"start":{"line":14,"column":13},"end":{"line":14,"column":34}},"type":"binary-expr","locations":[{"start":{"line":14,"column":13},"end":{"line":14,"column":25}},{"start":{"line":14,"column":29},"end":{"line":14,"column":34}}],"line":14}},"s":{"0":6,"1":6,"2":17,"3":17,"4":17,"5":6},"f":{"0":17},"b":{"0":[17,12]},"_coverageSchema":"1a1c01bbd47fc00a2c39e90264f33305004495a9","hash":"1c0ba27ff76e51dfdf26bc8abb6c09d4282e2dd0"}
,"/home/dennis/code_work/shopping-list-maker/backend/middleware/auth.js": {"path":"/home/dennis/code_work/shopping-list-maker/backend/middleware/auth.js","statementMap":{"0":{"start":{"line":2,"column":12},"end":{"line":2,"column":35}},"1":{"start":{"line":3,"column":23},"end":{"line":3,"column":43}},"2":{"start":{"line":4,"column":30},"end":{"line":4,"column":56}},"3":{"start":{"line":8,"column":2},"end":{"line":17,"column":3}},"4":{"start":{"line":9,"column":23},"end":{"line":9,"column":63}},"5":{"start":{"line":10,"column":4},"end":{"line":13,"column":5}},"6":{"start":{"line":11,"column":20},"end":{"line":11,"column":64}},"7":{"start":{"line":12,"column":6},"end":{"line":12,"column":54}},"8":{"start":{"line":14,"column":4},"end":{"line":14,"column":18}},"9":{"start":{"line":16,"column":4},"end":{"line":16,"column":18}},"10":{"start":{"line":26,"column":2},"end":{"line":31,"column":3}},"11":{"start":{"line":27,"column":4},"end":{"line":27,"column":56}},"12":{"start":{"line":27,"column":26},"end":{"line":27,"column":56}},"13":{"start":{"line":28,"column":4},"end":{"line":28,"column":18}},"14":{"start":{"line":30,"column":4},"end":{"line":30,"column":21}},"15":{"start":{"line":37,"column":2},"end":{"line":44,"column":3}},"16":{"start":{"line":38,"column":4},"end":{"line":40,"column":5}},"17":{"start":{"line":39,"column":6},"end":{"line":39,"column":36}},"18":{"start":{"line":41,"column":4},"end":{"line":41,"column":18}},"19":{"start":{"line":43,"column":4},"end":{"line":43,"column":21}},"20":{"start":{"line":52,"column":2},"end":{"line":60,"column":3}},"21":{"start":{"line":53,"column":17},"end":{"line":53,"column":32}},"22":{"start":{"line":54,"column":4},"end":{"line":56,"column":5}},"23":{"start":{"line":55,"column":6},"end":{"line":55,"column":36}},"24":{"start":{"line":57,"column":4},"end":{"line":57,"column":18}},"25":{"start":{"line":59,"column":4},"end":{"line":59,"column":21}},"26":{"start":{"line":63,"column":0},"end":{"line":68,"column":2}}},"fnMap":{"0":{"name":"authenticateJWT","decl":{"start":{"line":7,"column":9},"end":{"line":7,"column":24}},"loc":{"start":{"line":7,"column":41},"end":{"line":18,"column":1}},"line":7},"1":{"name":"ensureLoggedIn","decl":{"start":{"line":25,"column":9},"end":{"line":25,"column":23}},"loc":{"start":{"line":25,"column":40},"end":{"line":32,"column":1}},"line":25},"2":{"name":"ensureAdmin","decl":{"start":{"line":36,"column":9},"end":{"line":36,"column":20}},"loc":{"start":{"line":36,"column":37},"end":{"line":45,"column":1}},"line":36},"3":{"name":"ensureAdminOrMatchingUser","decl":{"start":{"line":51,"column":9},"end":{"line":51,"column":34}},"loc":{"start":{"line":51,"column":51},"end":{"line":61,"column":1}},"line":51}},"branchMap":{"0":{"loc":{"start":{"line":9,"column":23},"end":{"line":9,"column":63}},"type":"binary-expr","locations":[{"start":{"line":9,"column":23},"end":{"line":9,"column":34}},{"start":{"line":9,"column":38},"end":{"line":9,"column":63}}],"line":9},"1":{"loc":{"start":{"line":10,"column":4},"end":{"line":13,"column":5}},"type":"if","locations":[{"start":{"line":10,"column":4},"end":{"line":13,"column":5}},{"start":{},"end":{}}],"line":10},"2":{"loc":{"start":{"line":27,"column":4},"end":{"line":27,"column":56}},"type":"if","locations":[{"start":{"line":27,"column":4},"end":{"line":27,"column":56}},{"start":{},"end":{}}],"line":27},"3":{"loc":{"start":{"line":38,"column":4},"end":{"line":40,"column":5}},"type":"if","locations":[{"start":{"line":38,"column":4},"end":{"line":40,"column":5}},{"start":{},"end":{}}],"line":38},"4":{"loc":{"start":{"line":38,"column":8},"end":{"line":38,"column":52}},"type":"binary-expr","locations":[{"start":{"line":38,"column":8},"end":{"line":38,"column":24}},{"start":{"line":38,"column":28},"end":{"line":38,"column":52}}],"line":38},"5":{"loc":{"start":{"line":54,"column":4},"end":{"line":56,"column":5}},"type":"if","locations":[{"start":{"line":54,"column":4},"end":{"line":56,"column":5}},{"start":{},"end":{}}],"line":54},"6":{"loc":{"start":{"line":54,"column":10},"end":{"line":54,"column":73}},"type":"binary-expr","locations":[{"start":{"line":54,"column":10},"end":{"line":54,"column":14}},{"start":{"line":54,"column":19},"end":{"line":54,"column":31}},{"start":{"line":54,"column":35},"end":{"line":54,"column":72}}],"line":54}},"s":{"0":6,"1":6,"2":6,"3":40,"4":40,"5":40,"6":3,"7":3,"8":39,"9":1,"10":5,"11":5,"12":4,"13":1,"14":4,"15":12,"16":12,"17":10,"18":2,"19":10,"20":18,"21":18,"22":18,"23":16,"24":2,"25":16,"26":6},"f":{"0":40,"1":5,"2":12,"3":18},"b":{"0":[40,39],"1":[3,37],"2":[4,1],"3":[10,2],"4":[12,3],"5":[16,2],"6":[18,3,2]},"_coverageSchema":"1a1c01bbd47fc00a2c39e90264f33305004495a9","hash":"7b4408704ef02b6018295f5440946502588c8162"}
,"/home/dennis/code_work/shopping-list-maker/backend/models/_testCommon.js": {"path":"/home/dennis/code_work/shopping-list-maker/backend/models/_testCommon.js","statementMap":{"0":{"start":{"line":1,"column":15},"end":{"line":1,"column":32}},"1":{"start":{"line":3,"column":11},"end":{"line":3,"column":30}},"2":{"start":{"line":4,"column":31},"end":{"line":4,"column":51}},"3":{"start":{"line":5,"column":18},"end":{"line":5,"column":20}},"4":{"start":{"line":8,"column":2},"end":{"line":8,"column":38}},"5":{"start":{"line":9,"column":2},"end":{"line":9,"column":41}},"6":{"start":{"line":11,"column":2},"end":{"line":18,"column":4}},"7":{"start":{"line":20,"column":18},"end":{"line":25,"column":16}},"8":{"start":{"line":26,"column":2},"end":{"line":26,"column":56}},"9":{"start":{"line":26,"column":50},"end":{"line":26,"column":54}},"10":{"start":{"line":30,"column":2},"end":{"line":30,"column":26}},"11":{"start":{"line":34,"column":2},"end":{"line":34,"column":29}},"12":{"start":{"line":38,"column":2},"end":{"line":38,"column":17}},"13":{"start":{"line":41,"column":0},"end":{"line":47,"column":2}}},"fnMap":{"0":{"name":"commonBeforeAll","decl":{"start":{"line":7,"column":15},"end":{"line":7,"column":30}},"loc":{"start":{"line":7,"column":33},"end":{"line":27,"column":1}},"line":7},"1":{"name":"(anonymous_1)","decl":{"start":{"line":26,"column":46},"end":{"line":26,"column":47}},"loc":{"start":{"line":26,"column":50},"end":{"line":26,"column":54}},"line":26},"2":{"name":"commonBeforeEach","decl":{"start":{"line":29,"column":15},"end":{"line":29,"column":31}},"loc":{"start":{"line":29,"column":34},"end":{"line":31,"column":1}},"line":29},"3":{"name":"commonAfterEach","decl":{"start":{"line":33,"column":15},"end":{"line":33,"column":30}},"loc":{"start":{"line":33,"column":33},"end":{"line":35,"column":1}},"line":33},"4":{"name":"commonAfterAll","decl":{"start":{"line":37,"column":15},"end":{"line":37,"column":29}},"loc":{"start":{"line":37,"column":32},"end":{"line":39,"column":1}},"line":37}},"branchMap":{},"s":{"0":2,"1":2,"2":2,"3":2,"4":2,"5":2,"6":2,"7":2,"8":2,"9":6,"10":17,"11":17,"12":2,"13":2},"f":{"0":2,"1":6,"2":17,"3":17,"4":2},"b":{},"_coverageSchema":"1a1c01bbd47fc00a2c39e90264f33305004495a9","hash":"7990b387a397ba31ebe046500f4418c700f420a7"}
,"/home/dennis/code_work/shopping-list-maker/backend/models/location.js": {"path":"/home/dennis/code_work/shopping-list-maker/backend/models/location.js","statementMap":{"0":{"start":{"line":1,"column":18},"end":{"line":1,"column":36}},"1":{"start":{"line":2,"column":11},"end":{"line":2,"column":27}},"2":{"start":{"line":3,"column":43},"end":{"line":3,"column":69}},"3":{"start":{"line":16,"column":19},"end":{"line":52,"column":5}},"4":{"start":{"line":53,"column":19},"end":{"line":53,"column":33}},"5":{"start":{"line":55,"column":4},"end":{"line":55,"column":20}},"6":{"start":{"line":66,"column":24},"end":{"line":81,"column":5}},"7":{"start":{"line":83,"column":21},"end":{"line":83,"column":40}},"8":{"start":{"line":85,"column":4},"end":{"line":85,"column":65}},"9":{"start":{"line":85,"column":19},"end":{"line":85,"column":65}},"10":{"start":{"line":86,"column":4},"end":{"line":86,"column":20}},"11":{"start":{"line":93,"column":16},"end":{"line":105,"column":36}},"12":{"start":{"line":107,"column":20},"end":{"line":107,"column":41}},"13":{"start":{"line":108,"column":4},"end":{"line":108,"column":23}},"14":{"start":{"line":117,"column":19},"end":{"line":121,"column":31}},"15":{"start":{"line":122,"column":21},"end":{"line":122,"column":35}},"16":{"start":{"line":124,"column":4},"end":{"line":124,"column":60}},"17":{"start":{"line":124,"column":19},"end":{"line":124,"column":60}},"18":{"start":{"line":128,"column":0},"end":{"line":128,"column":26}}},"fnMap":{"0":{"name":"(anonymous_0)","decl":{"start":{"line":15,"column":2},"end":{"line":15,"column":3}},"loc":{"start":{"line":15,"column":28},"end":{"line":56,"column":3}},"line":15},"1":{"name":"(anonymous_1)","decl":{"start":{"line":65,"column":2},"end":{"line":65,"column":3}},"loc":{"start":{"line":65,"column":23},"end":{"line":87,"column":3}},"line":65},"2":{"name":"(anonymous_2)","decl":{"start":{"line":92,"column":2},"end":{"line":92,"column":3}},"loc":{"start":{"line":92,"column":25},"end":{"line":109,"column":3}},"line":92},"3":{"name":"(anonymous_3)","decl":{"start":{"line":116,"column":2},"end":{"line":116,"column":3}},"loc":{"start":{"line":116,"column":26},"end":{"line":125,"column":3}},"line":116}},"branchMap":{"0":{"loc":{"start":{"line":85,"column":4},"end":{"line":85,"column":65}},"type":"if","locations":[{"start":{"line":85,"column":4},"end":{"line":85,"column":65}},{"start":{},"end":{}}],"line":85},"1":{"loc":{"start":{"line":124,"column":4},"end":{"line":124,"column":60}},"type":"if","locations":[{"start":{"line":124,"column":4},"end":{"line":124,"column":60}},{"start":{},"end":{}}],"line":124}},"s":{"0":6,"1":6,"2":6,"3":1,"4":1,"5":1,"6":3,"7":3,"8":3,"9":2,"10":1,"11":1,"12":1,"13":1,"14":2,"15":2,"16":2,"17":1,"18":6},"f":{"0":1,"1":3,"2":1,"3":2},"b":{"0":[2,1],"1":[1,1]},"_coverageSchema":"1a1c01bbd47fc00a2c39e90264f33305004495a9","hash":"a21cf66e35fc7bd4d24135046a59871f6b99b173"}
,"/home/dennis/code_work/shopping-list-maker/backend/models/user.js": {"path":"/home/dennis/code_work/shopping-list-maker/backend/models/user.js","statementMap":{"0":{"start":{"line":1,"column":11},"end":{"line":1,"column":27}},"1":{"start":{"line":2,"column":15},"end":{"line":2,"column":32}},"2":{"start":{"line":8,"column":4},"end":{"line":8,"column":30}},"3":{"start":{"line":10,"column":31},"end":{"line":10,"column":54}},"4":{"start":{"line":22,"column":19},"end":{"line":30,"column":5}},"5":{"start":{"line":32,"column":17},"end":{"line":32,"column":31}},"6":{"start":{"line":34,"column":4},"end":{"line":40,"column":5}},"7":{"start":{"line":35,"column":22},"end":{"line":35,"column":67}},"8":{"start":{"line":36,"column":6},"end":{"line":39,"column":7}},"9":{"start":{"line":37,"column":8},"end":{"line":37,"column":29}},"10":{"start":{"line":38,"column":8},"end":{"line":38,"column":20}},"11":{"start":{"line":41,"column":4},"end":{"line":41,"column":61}},"12":{"start":{"line":52,"column":27},"end":{"line":57,"column":5}},"13":{"start":{"line":59,"column":4},"end":{"line":61,"column":5}},"14":{"start":{"line":60,"column":6},"end":{"line":60,"column":67}},"15":{"start":{"line":63,"column":27},"end":{"line":63,"column":74}},"16":{"start":{"line":65,"column":19},"end":{"line":74,"column":5}},"17":{"start":{"line":76,"column":17},"end":{"line":76,"column":31}},"18":{"start":{"line":78,"column":4},"end":{"line":78,"column":16}},"19":{"start":{"line":89,"column":16},"end":{"line":96,"column":5}},"20":{"start":{"line":97,"column":17},"end":{"line":97,"column":28}},"21":{"start":{"line":99,"column":4},"end":{"line":99,"column":76}},"22":{"start":{"line":99,"column":15},"end":{"line":99,"column":76}},"23":{"start":{"line":101,"column":24},"end":{"line":117,"column":5}},"24":{"start":{"line":118,"column":4},"end":{"line":118,"column":38}},"25":{"start":{"line":120,"column":4},"end":{"line":120,"column":16}},"26":{"start":{"line":126,"column":17},"end":{"line":132,"column":5}},"27":{"start":{"line":133,"column":17},"end":{"line":133,"column":31}},"28":{"start":{"line":135,"column":4},"end":{"line":135,"column":63}},"29":{"start":{"line":135,"column":15},"end":{"line":135,"column":63}},"30":{"start":{"line":139,"column":0},"end":{"line":139,"column":22}}},"fnMap":{"0":{"name":"(anonymous_0)","decl":{"start":{"line":20,"column":2},"end":{"line":20,"column":3}},"loc":{"start":{"line":20,"column":48},"end":{"line":42,"column":3}},"line":20},"1":{"name":"(anonymous_1)","decl":{"start":{"line":51,"column":2},"end":{"line":51,"column":3}},"loc":{"start":{"line":51,"column":63},"end":{"line":79,"column":3}},"line":51},"2":{"name":"(anonymous_2)","decl":{"start":{"line":88,"column":2},"end":{"line":88,"column":3}},"loc":{"start":{"line":88,"column":29},"end":{"line":121,"column":3}},"line":88},"3":{"name":"(anonymous_3)","decl":{"start":{"line":125,"column":2},"end":{"line":125,"column":3}},"loc":{"start":{"line":125,"column":32},"end":{"line":136,"column":3}},"line":125}},"branchMap":{"0":{"loc":{"start":{"line":34,"column":4},"end":{"line":40,"column":5}},"type":"if","locations":[{"start":{"line":34,"column":4},"end":{"line":40,"column":5}},{"start":{},"end":{}}],"line":34},"1":{"loc":{"start":{"line":36,"column":6},"end":{"line":39,"column":7}},"type":"if","locations":[{"start":{"line":36,"column":6},"end":{"line":39,"column":7}},{"start":{},"end":{}}],"line":36},"2":{"loc":{"start":{"line":59,"column":4},"end":{"line":61,"column":5}},"type":"if","locations":[{"start":{"line":59,"column":4},"end":{"line":61,"column":5}},{"start":{},"end":{}}],"line":59},"3":{"loc":{"start":{"line":99,"column":4},"end":{"line":99,"column":76}},"type":"if","locations":[{"start":{"line":99,"column":4},"end":{"line":99,"column":76}},{"start":{},"end":{}}],"line":99},"4":{"loc":{"start":{"line":135,"column":4},"end":{"line":135,"column":63}},"type":"if","locations":[{"start":{"line":135,"column":4},"end":{"line":135,"column":63}},{"start":{},"end":{}}],"line":135}},"s":{"0":6,"1":6,"2":6,"3":6,"4":6,"5":6,"6":6,"7":3,"8":3,"9":2,"10":2,"11":4,"12":13,"13":13,"14":1,"15":12,"16":12,"17":12,"18":12,"19":2,"20":2,"21":2,"22":1,"23":1,"24":1,"25":1,"26":2,"27":2,"28":2,"29":1,"30":6},"f":{"0":6,"1":13,"2":2,"3":2},"b":{"0":[3,3],"1":[2,1],"2":[1,12],"3":[1,1],"4":[1,1]},"_coverageSchema":"1a1c01bbd47fc00a2c39e90264f33305004495a9","hash":"47f8f6b9b25b584365296d9e48812ccd7643209a"}
,"/home/dennis/code_work/shopping-list-maker/backend/routes/_testCommon.js": {"path":"/home/dennis/code_work/shopping-list-maker/backend/routes/_testCommon.js","statementMap":{"0":{"start":{"line":1,"column":11},"end":{"line":1,"column":30}},"1":{"start":{"line":2,"column":13},"end":{"line":2,"column":38}},"2":{"start":{"line":3,"column":15},"end":{"line":3,"column":32}},"3":{"start":{"line":4,"column":31},"end":{"line":4,"column":51}},"4":{"start":{"line":6,"column":24},"end":{"line":6,"column":51}},"5":{"start":{"line":7,"column":19},"end":{"line":7,"column":21}},"6":{"start":{"line":10,"column":2},"end":{"line":10,"column":38}},"7":{"start":{"line":11,"column":2},"end":{"line":18,"column":4}},"8":{"start":{"line":20,"column":18},"end":{"line":25,"column":16}},"9":{"start":{"line":26,"column":2},"end":{"line":26,"column":61}},"10":{"start":{"line":26,"column":54},"end":{"line":26,"column":58}},"11":{"start":{"line":28,"column":2},"end":{"line":33,"column":5}},"12":{"start":{"line":35,"column":2},"end":{"line":40,"column":5}},"13":{"start":{"line":43,"column":2},"end":{"line":43,"column":26}},"14":{"start":{"line":47,"column":2},"end":{"line":47,"column":29}},"15":{"start":{"line":51,"column":2},"end":{"line":51,"column":17}},"16":{"start":{"line":53,"column":16},"end":{"line":53,"column":63}},"17":{"start":{"line":54,"column":16},"end":{"line":54,"column":63}},"18":{"start":{"line":55,"column":19},"end":{"line":55,"column":68}},"19":{"start":{"line":56,"column":0},"end":{"line":65,"column":2}}},"fnMap":{"0":{"name":"commonBeforeAll","decl":{"start":{"line":9,"column":15},"end":{"line":9,"column":30}},"loc":{"start":{"line":9,"column":33},"end":{"line":41,"column":1}},"line":9},"1":{"name":"(anonymous_1)","decl":{"start":{"line":26,"column":47},"end":{"line":26,"column":48}},"loc":{"start":{"line":26,"column":54},"end":{"line":26,"column":58}},"line":26},"2":{"name":"commonBeforeEach","decl":{"start":{"line":42,"column":15},"end":{"line":42,"column":31}},"loc":{"start":{"line":42,"column":34},"end":{"line":44,"column":1}},"line":42},"3":{"name":"commonAfterEach","decl":{"start":{"line":46,"column":15},"end":{"line":46,"column":30}},"loc":{"start":{"line":46,"column":33},"end":{"line":48,"column":1}},"line":46},"4":{"name":"commonAfterAll","decl":{"start":{"line":50,"column":15},"end":{"line":50,"column":29}},"loc":{"start":{"line":50,"column":32},"end":{"line":52,"column":1}},"line":50}},"branchMap":{},"s":{"0":4,"1":4,"2":4,"3":4,"4":4,"5":4,"6":4,"7":4,"8":4,"9":4,"10":12,"11":4,"12":4,"13":35,"14":35,"15":4,"16":4,"17":4,"18":4,"19":4},"f":{"0":4,"1":12,"2":35,"3":35,"4":4},"b":{},"_coverageSchema":"1a1c01bbd47fc00a2c39e90264f33305004495a9","hash":"4934ba97f837308987d8388122d63d938a207aed"}
,"/home/dennis/code_work/shopping-list-maker/backend/routes/auth.js": {"path":"/home/dennis/code_work/shopping-list-maker/backend/routes/auth.js","statementMap":{"0":{"start":{"line":5,"column":19},"end":{"line":5,"column":40}},"1":{"start":{"line":6,"column":23},"end":{"line":6,"column":58}},"2":{"start":{"line":7,"column":27},"end":{"line":7,"column":66}},"3":{"start":{"line":9,"column":13},"end":{"line":9,"column":38}},"4":{"start":{"line":10,"column":16},"end":{"line":10,"column":34}},"5":{"start":{"line":11,"column":15},"end":{"line":11,"column":35}},"6":{"start":{"line":13,"column":24},"end":{"line":13,"column":51}},"7":{"start":{"line":14,"column":28},"end":{"line":14,"column":54}},"8":{"start":{"line":23,"column":0},"end":{"line":38,"column":3}},"9":{"start":{"line":24,"column":2},"end":{"line":37,"column":3}},"10":{"start":{"line":25,"column":22},"end":{"line":25,"column":67}},"11":{"start":{"line":26,"column":4},"end":{"line":29,"column":5}},"12":{"start":{"line":27,"column":19},"end":{"line":27,"column":55}},"13":{"start":{"line":27,"column":47},"end":{"line":27,"column":54}},"14":{"start":{"line":28,"column":6},"end":{"line":28,"column":38}},"15":{"start":{"line":31,"column":35},"end":{"line":31,"column":43}},"16":{"start":{"line":32,"column":17},"end":{"line":32,"column":60}},"17":{"start":{"line":33,"column":18},"end":{"line":33,"column":35}},"18":{"start":{"line":34,"column":4},"end":{"line":34,"column":31}},"19":{"start":{"line":36,"column":4},"end":{"line":36,"column":21}},"20":{"start":{"line":49,"column":0},"end":{"line":63,"column":3}},"21":{"start":{"line":50,"column":2},"end":{"line":62,"column":3}},"22":{"start":{"line":51,"column":22},"end":{"line":51,"column":71}},"23":{"start":{"line":52,"column":4},"end":{"line":55,"column":5}},"24":{"start":{"line":53,"column":19},"end":{"line":53,"column":55}},"25":{"start":{"line":53,"column":47},"end":{"line":53,"column":54}},"26":{"start":{"line":54,"column":6},"end":{"line":54,"column":38}},"27":{"start":{"line":57,"column":20},"end":{"line":57,"column":72}},"28":{"start":{"line":58,"column":18},"end":{"line":58,"column":38}},"29":{"start":{"line":59,"column":4},"end":{"line":59,"column":43}},"30":{"start":{"line":61,"column":4},"end":{"line":61,"column":21}},"31":{"start":{"line":65,"column":0},"end":{"line":65,"column":24}}},"fnMap":{"0":{"name":"(anonymous_0)","decl":{"start":{"line":23,"column":22},"end":{"line":23,"column":23}},"loc":{"start":{"line":23,"column":54},"end":{"line":38,"column":1}},"line":23},"1":{"name":"(anonymous_1)","decl":{"start":{"line":27,"column":40},"end":{"line":27,"column":41}},"loc":{"start":{"line":27,"column":47},"end":{"line":27,"column":54}},"line":27},"2":{"name":"(anonymous_2)","decl":{"start":{"line":49,"column":25},"end":{"line":49,"column":26}},"loc":{"start":{"line":49,"column":57},"end":{"line":63,"column":1}},"line":49},"3":{"name":"(anonymous_3)","decl":{"start":{"line":53,"column":40},"end":{"line":53,"column":41}},"loc":{"start":{"line":53,"column":47},"end":{"line":53,"column":54}},"line":53}},"branchMap":{"0":{"loc":{"start":{"line":26,"column":4},"end":{"line":29,"column":5}},"type":"if","locations":[{"start":{"line":26,"column":4},"end":{"line":29,"column":5}},{"start":{},"end":{}}],"line":26},"1":{"loc":{"start":{"line":52,"column":4},"end":{"line":55,"column":5}},"type":"if","locations":[{"start":{"line":52,"column":4},"end":{"line":55,"column":5}},{"start":{},"end":{}}],"line":52}},"s":{"0":5,"1":5,"2":5,"3":5,"4":5,"5":5,"6":5,"7":5,"8":5,"9":5,"10":5,"11":5,"12":2,"13":2,"14":2,"15":3,"16":3,"17":1,"18":1,"19":4,"20":5,"21":3,"22":3,"23":3,"24":2,"25":4,"26":2,"27":1,"28":1,"29":1,"30":2,"31":5},"f":{"0":5,"1":2,"2":3,"3":4},"b":{"0":[2,3],"1":[2,1]},"_coverageSchema":"1a1c01bbd47fc00a2c39e90264f33305004495a9","hash":"8bb87a0742eb54081fc2f535b9cfba02ebd33520"}
,"/home/dennis/code_work/shopping-list-maker/backend/routes/locations.js": {"path":"/home/dennis/code_work/shopping-list-maker/backend/routes/locations.js","statementMap":{"0":{"start":{"line":1,"column":16},"end":{"line":1,"column":34}},"1":{"start":{"line":2,"column":15},"end":{"line":2,"column":35}},"2":{"start":{"line":3,"column":19},"end":{"line":3,"column":40}},"3":{"start":{"line":4,"column":24},"end":{"line":4,"column":51}},"4":{"start":{"line":5,"column":65},"end":{"line":5,"column":94}},"5":{"start":{"line":6,"column":26},"end":{"line":6,"column":64}},"6":{"start":{"line":7,"column":16},"end":{"line":7,"column":45}},"7":{"start":{"line":12,"column":0},"end":{"line":20,"column":3}},"8":{"start":{"line":14,"column":2},"end":{"line":19,"column":3}},"9":{"start":{"line":15,"column":22},"end":{"line":15,"column":60}},"10":{"start":{"line":16,"column":4},"end":{"line":16,"column":37}},"11":{"start":{"line":18,"column":4},"end":{"line":18,"column":21}},"12":{"start":{"line":24,"column":0},"end":{"line":31,"column":3}},"13":{"start":{"line":25,"column":2},"end":{"line":30,"column":3}},"14":{"start":{"line":26,"column":21},"end":{"line":26,"column":54}},"15":{"start":{"line":27,"column":4},"end":{"line":27,"column":34}},"16":{"start":{"line":29,"column":4},"end":{"line":29,"column":21}},"17":{"start":{"line":43,"column":0},"end":{"line":57,"column":3}},"18":{"start":{"line":44,"column":2},"end":{"line":56,"column":3}},"19":{"start":{"line":45,"column":24},"end":{"line":45,"column":41}},"20":{"start":{"line":46,"column":22},"end":{"line":46,"column":74}},"21":{"start":{"line":47,"column":4},"end":{"line":51,"column":5}},"22":{"start":{"line":48,"column":19},"end":{"line":48,"column":55}},"23":{"start":{"line":48,"column":47},"end":{"line":48,"column":54}},"24":{"start":{"line":49,"column":6},"end":{"line":49,"column":23}},"25":{"start":{"line":50,"column":6},"end":{"line":50,"column":38}},"26":{"start":{"line":52,"column":21},"end":{"line":52,"column":96}},"27":{"start":{"line":53,"column":4},"end":{"line":53,"column":46}},"28":{"start":{"line":55,"column":4},"end":{"line":55,"column":21}},"29":{"start":{"line":65,"column":0},"end":{"line":72,"column":3}},"30":{"start":{"line":66,"column":2},"end":{"line":71,"column":3}},"31":{"start":{"line":67,"column":4},"end":{"line":67,"column":41}},"32":{"start":{"line":68,"column":4},"end":{"line":68,"column":49}},"33":{"start":{"line":70,"column":4},"end":{"line":70,"column":21}},"34":{"start":{"line":74,"column":0},"end":{"line":74,"column":24}}},"fnMap":{"0":{"name":"(anonymous_0)","decl":{"start":{"line":12,"column":41},"end":{"line":12,"column":42}},"loc":{"start":{"line":12,"column":73},"end":{"line":20,"column":1}},"line":12},"1":{"name":"(anonymous_1)","decl":{"start":{"line":24,"column":56},"end":{"line":24,"column":57}},"loc":{"start":{"line":24,"column":88},"end":{"line":31,"column":1}},"line":24},"2":{"name":"(anonymous_2)","decl":{"start":{"line":43,"column":53},"end":{"line":43,"column":54}},"loc":{"start":{"line":43,"column":85},"end":{"line":57,"column":1}},"line":43},"3":{"name":"(anonymous_3)","decl":{"start":{"line":48,"column":40},"end":{"line":48,"column":41}},"loc":{"start":{"line":48,"column":47},"end":{"line":48,"column":54}},"line":48},"4":{"name":"(anonymous_4)","decl":{"start":{"line":65,"column":35},"end":{"line":65,"column":36}},"loc":{"start":{"line":65,"column":67},"end":{"line":72,"column":1}},"line":65}},"branchMap":{"0":{"loc":{"start":{"line":47,"column":4},"end":{"line":51,"column":5}},"type":"if","locations":[{"start":{"line":47,"column":4},"end":{"line":51,"column":5}},{"start":{},"end":{}}],"line":47}},"s":{"0":5,"1":5,"2":5,"3":5,"4":5,"5":5,"6":5,"7":5,"8":0,"9":0,"10":0,"11":0,"12":5,"13":0,"14":0,"15":0,"16":0,"17":5,"18":0,"19":0,"20":0,"21":0,"22":0,"23":0,"24":0,"25":0,"26":0,"27":0,"28":0,"29":5,"30":0,"31":0,"32":0,"33":0,"34":5},"f":{"0":0,"1":0,"2":0,"3":0,"4":0},"b":{"0":[0,0]},"_coverageSchema":"1a1c01bbd47fc00a2c39e90264f33305004495a9","hash":"58251a7c9eef7fc028773e1afcbc52aade9f15c4"}
,"/home/dennis/code_work/shopping-list-maker/backend/routes/users.js": {"path":"/home/dennis/code_work/shopping-list-maker/backend/routes/users.js","statementMap":{"0":{"start":{"line":3,"column":16},"end":{"line":3,"column":34}},"1":{"start":{"line":4,"column":19},"end":{"line":4,"column":40}},"2":{"start":{"line":5,"column":28},"end":{"line":5,"column":54}},"3":{"start":{"line":9,"column":4},"end":{"line":9,"column":33}},"4":{"start":{"line":10,"column":24},"end":{"line":10,"column":51}},"5":{"start":{"line":11,"column":13},"end":{"line":11,"column":38}},"6":{"start":{"line":12,"column":22},"end":{"line":12,"column":56}},"7":{"start":{"line":13,"column":15},"end":{"line":13,"column":31}},"8":{"start":{"line":26,"column":0},"end":{"line":42,"column":3}},"9":{"start":{"line":27,"column":2},"end":{"line":41,"column":3}},"10":{"start":{"line":28,"column":21},"end":{"line":28,"column":34}},"11":{"start":{"line":29,"column":22},"end":{"line":29,"column":66}},"12":{"start":{"line":30,"column":4},"end":{"line":34,"column":5}},"13":{"start":{"line":31,"column":19},"end":{"line":31,"column":63}},"14":{"start":{"line":31,"column":51},"end":{"line":31,"column":62}},"15":{"start":{"line":32,"column":6},"end":{"line":32,"column":24}},"16":{"start":{"line":33,"column":6},"end":{"line":33,"column":38}},"17":{"start":{"line":36,"column":17},"end":{"line":36,"column":51}},"18":{"start":{"line":37,"column":18},"end":{"line":37,"column":35}},"19":{"start":{"line":38,"column":4},"end":{"line":38,"column":49}},"20":{"start":{"line":40,"column":4},"end":{"line":40,"column":21}},"21":{"start":{"line":52,"column":0},"end":{"line":63,"column":2}},"22":{"start":{"line":56,"column":4},"end":{"line":61,"column":5}},"23":{"start":{"line":57,"column":19},"end":{"line":57,"column":54}},"24":{"start":{"line":58,"column":6},"end":{"line":58,"column":32}},"25":{"start":{"line":60,"column":6},"end":{"line":60,"column":23}},"26":{"start":{"line":70,"column":0},"end":{"line":81,"column":2}},"27":{"start":{"line":74,"column":4},"end":{"line":79,"column":5}},"28":{"start":{"line":75,"column":6},"end":{"line":75,"column":45}},"29":{"start":{"line":76,"column":6},"end":{"line":76,"column":56}},"30":{"start":{"line":78,"column":6},"end":{"line":78,"column":23}},"31":{"start":{"line":83,"column":0},"end":{"line":83,"column":24}}},"fnMap":{"0":{"name":"(anonymous_0)","decl":{"start":{"line":26,"column":30},"end":{"line":26,"column":31}},"loc":{"start":{"line":26,"column":62},"end":{"line":42,"column":1}},"line":26},"1":{"name":"(anonymous_1)","decl":{"start":{"line":31,"column":40},"end":{"line":31,"column":41}},"loc":{"start":{"line":31,"column":51},"end":{"line":31,"column":62}},"line":31},"2":{"name":"(anonymous_2)","decl":{"start":{"line":55,"column":2},"end":{"line":55,"column":3}},"loc":{"start":{"line":55,"column":34},"end":{"line":62,"column":3}},"line":55},"3":{"name":"(anonymous_3)","decl":{"start":{"line":73,"column":2},"end":{"line":73,"column":3}},"loc":{"start":{"line":73,"column":34},"end":{"line":80,"column":3}},"line":73}},"branchMap":{"0":{"loc":{"start":{"line":30,"column":4},"end":{"line":34,"column":5}},"type":"if","locations":[{"start":{"line":30,"column":4},"end":{"line":34,"column":5}},{"start":{},"end":{}}],"line":30}},"s":{"0":5,"1":5,"2":5,"3":5,"4":5,"5":5,"6":5,"7":5,"8":5,"9":1,"10":1,"11":1,"12":1,"13":1,"14":2,"15":1,"16":1,"17":0,"18":0,"19":0,"20":1,"21":5,"22":0,"23":0,"24":0,"25":0,"26":5,"27":0,"28":0,"29":0,"30":0,"31":5},"f":{"0":1,"1":2,"2":0,"3":0},"b":{"0":[1,0]},"_coverageSchema":"1a1c01bbd47fc00a2c39e90264f33305004495a9","hash":"9da0f8bf329a61d7f7ad33c5a9a3335395185200"}
,"/home/dennis/code_work/shopping-list-maker/backend/routes/weatherroute.js": {"path":"/home/dennis/code_work/shopping-list-maker/backend/routes/weatherroute.js","statementMap":{"0":{"start":{"line":1,"column":16},"end":{"line":1,"column":34}},"1":{"start":{"line":2,"column":15},"end":{"line":2,"column":35}},"2":{"start":{"line":3,"column":50},"end":{"line":3,"column":78}},"3":{"start":{"line":4,"column":65},"end":{"line":4,"column":94}},"4":{"start":{"line":6,"column":0},"end":{"line":16,"column":2}},"5":{"start":{"line":7,"column":16},"end":{"line":7,"column":29}},"6":{"start":{"line":8,"column":16},"end":{"line":8,"column":29}},"7":{"start":{"line":9,"column":4},"end":{"line":15,"column":5}},"8":{"start":{"line":10,"column":24},"end":{"line":10,"column":56}},"9":{"start":{"line":11,"column":23},"end":{"line":11,"column":50}},"10":{"start":{"line":12,"column":8},"end":{"line":12,"column":41}},"11":{"start":{"line":14,"column":8},"end":{"line":14,"column":24}},"12":{"start":{"line":18,"column":0},"end":{"line":18,"column":24}}},"fnMap":{"0":{"name":"(anonymous_0)","decl":{"start":{"line":6,"column":16},"end":{"line":6,"column":17}},"loc":{"start":{"line":6,"column":47},"end":{"line":16,"column":1}},"line":6}},"branchMap":{},"s":{"0":5,"1":5,"2":5,"3":5,"4":5,"5":1,"6":1,"7":1,"8":1,"9":1,"10":1,"11":0,"12":5},"f":{"0":1},"b":{},"_coverageSchema":"1a1c01bbd47fc00a2c39e90264f33305004495a9","hash":"dbc9c350308f3432ab56f28d6c91d082dd2e7ee5"}
}
