TN:
SF:app.js
FN:22,(anonymous_0)
FN:27,(anonymous_1)
FNF:2
FNH:2
FNDA:2,(anonymous_0)
FNDA:21,(anonymous_1)
DA:2,5
DA:3,5
DA:4,5
DA:6,5
DA:7,5
DA:8,5
DA:9,5
DA:10,5
DA:11,5
DA:13,5
DA:14,5
DA:15,5
DA:16,5
DA:17,5
DA:18,5
DA:19,5
DA:22,5
DA:23,2
DA:27,5
DA:28,21
DA:29,21
DA:30,21
DA:32,21
DA:37,5
LF:24
LH:24
BRDA:28,0,0,1
BRDA:28,0,1,20
BRDA:29,1,0,21
BRDA:29,1,1,0
BRF:4
BRH:3
end_of_record
TN:
SF:config.js
FN:7,getDatabaseUri
FNF:1
FNH:1
FNDA:10,getDatabaseUri
DA:1,13
DA:3,13
DA:5,13
DA:8,10
DA:13,13
DA:14,13
DA:15,13
LF:7
LH:7
BRDA:1,0,0,13
BRDA:1,0,1,12
BRDA:3,1,0,13
BRDA:3,1,1,12
BRDA:5,2,0,12
BRDA:5,2,1,1
BRDA:8,3,0,8
BRDA:8,3,1,2
BRDA:10,4,0,2
BRDA:10,4,1,1
BRF:10
BRH:10
end_of_record
TN:
SF:db.js
FNF:0
FNH:0
DA:1,7
DA:2,7
DA:6,7
DA:7,0
DA:14,7
DA:19,7
DA:21,7
LF:7
LH:6
BRDA:6,0,0,0
BRDA:6,0,1,7
BRF:2
BRH:1
end_of_record
TN:
SF:expressError.js
FN:6,(anonymous_0)
FN:16,(anonymous_1)
FN:24,(anonymous_2)
FN:32,(anonymous_3)
FNF:4
FNH:4
FNDA:34,(anonymous_0)
FNDA:11,(anonymous_1)
FNDA:16,(anonymous_2)
FNDA:7,(anonymous_3)
DA:7,34
DA:8,34
DA:9,34
DA:17,11
DA:25,16
DA:33,7
DA:37,8
LF:7
LH:7
BRDA:16,0,0,2
BRDA:24,1,0,12
BRDA:32,2,0,0
BRF:3
BRH:2
end_of_record
TN:
SF:client/client.js
FN:5,locationApi
FNF:1
FNH:1
FNDA:10,locationApi
DA:1,7
DA:2,7
DA:3,7
DA:6,10
DA:7,10
DA:10,10
DA:11,3
DA:15,3
DA:18,5
DA:19,5
DA:36,5
DA:39,2
DA:43,7
LF:13
LH:13
BRDA:10,0,0,3
BRDA:10,0,1,5
BRDA:20,1,0,1
BRDA:20,1,1,4
BRDA:22,2,0,1
BRDA:22,2,1,4
BRDA:26,3,0,1
BRDA:26,3,1,4
BRDA:31,4,0,5
BRDA:31,4,1,0
BRF:10
BRH:9
end_of_record
TN:
SF:client/weather.js
FN:6,weatherApiCurrent
FN:18,weatherInterpreter
FN:28,handleUVI
FN:39,handleWind
FN:48,handleFeelslike
FN:57,handleSnowFall
FN:62,handleRainFall
FNF:7
FNH:6
FNDA:2,weatherApiCurrent
FNDA:2,weatherInterpreter
FNDA:5,handleUVI
FNDA:2,handleWind
FNDA:2,handleFeelslike
FNDA:1,handleSnowFall
FNDA:0,handleRainFall
DA:1,6
DA:2,6
DA:4,6
DA:7,2
DA:8,2
DA:9,2
DA:10,2
DA:12,2
DA:14,0
DA:19,2
DA:20,2
DA:21,2
DA:22,2
DA:23,2
DA:24,2
DA:25,2
DA:29,5
DA:30,3
DA:31,2
DA:32,1
DA:34,1
DA:40,2
DA:41,2
DA:42,0
DA:43,0
DA:44,0
DA:45,0
DA:49,2
DA:50,2
DA:51,1
DA:52,0
DA:53,0
DA:54,0
DA:55,0
DA:58,1
DA:59,0
DA:60,0
DA:63,0
DA:64,0
DA:65,0
DA:66,0
DA:93,6
LF:42
LH:27
BRDA:23,0,0,1
BRDA:23,0,1,1
BRDA:24,1,0,0
BRDA:24,1,1,2
BRDA:29,2,0,3
BRDA:29,2,1,2
BRDA:31,3,0,1
BRDA:31,3,1,1
BRDA:31,4,0,2
BRDA:31,4,1,2
BRDA:40,5,0,0
BRDA:40,5,1,2
BRDA:41,6,0,2
BRDA:41,6,1,0
BRDA:41,7,0,2
BRDA:41,7,1,2
BRDA:42,8,0,0
BRDA:42,8,1,0
BRDA:42,9,0,0
BRDA:42,9,1,0
BRDA:43,10,0,0
BRDA:43,10,1,0
BRDA:43,11,0,0
BRDA:43,11,1,0
BRDA:44,12,0,0
BRDA:44,12,1,0
BRDA:44,13,0,0
BRDA:44,13,1,0
BRDA:45,14,0,0
BRDA:45,14,1,0
BRDA:49,15,0,0
BRDA:49,15,1,2
BRDA:50,16,0,1
BRDA:50,16,1,1
BRDA:50,17,0,2
BRDA:50,17,1,2
BRDA:51,18,0,1
BRDA:51,18,1,0
BRDA:51,19,0,1
BRDA:51,19,1,1
BRDA:52,20,0,0
BRDA:52,20,1,0
BRDA:52,21,0,0
BRDA:52,21,1,0
BRDA:53,22,0,0
BRDA:53,22,1,0
BRDA:53,23,0,0
BRDA:53,23,1,0
BRDA:54,24,0,0
BRDA:54,24,1,0
BRDA:54,25,0,0
BRDA:54,25,1,0
BRDA:55,26,0,0
BRDA:55,26,1,0
BRDA:58,27,0,1
BRDA:58,27,1,0
BRDA:59,28,0,0
BRDA:59,28,1,0
BRDA:59,29,0,0
BRDA:59,29,1,0
BRDA:60,30,0,0
BRDA:60,30,1,0
BRDA:63,31,0,0
BRDA:63,31,1,0
BRDA:64,32,0,0
BRDA:64,32,1,0
BRDA:64,33,0,0
BRDA:64,33,1,0
BRDA:65,34,0,0
BRDA:65,34,1,0
BRDA:65,35,0,0
BRDA:65,35,1,0
BRDA:66,36,0,0
BRDA:66,36,1,0
BRF:74
BRH:22
end_of_record
TN:
SF:helpers/token.js
FN:6,createToken
FNF:1
FNH:1
FNDA:19,createToken
DA:1,6
DA:2,6
DA:7,19
DA:12,19
DA:17,19
DA:20,6
LF:6
LH:6
BRDA:14,0,0,19
BRDA:14,0,1,13
BRF:2
BRH:2
end_of_record
TN:
SF:middleware/auth.js
FN:7,authenticateJWT
FN:25,ensureLoggedIn
FN:36,ensureAdmin
FN:51,ensureAdminOrMatchingUser
FNF:4
FNH:4
FNDA:41,authenticateJWT
FNDA:6,ensureLoggedIn
FNDA:9,ensureAdmin
FNDA:22,ensureAdminOrMatchingUser
DA:2,6
DA:3,6
DA:4,6
DA:8,41
DA:9,41
DA:10,41
DA:11,26
DA:12,26
DA:14,40
DA:16,1
DA:26,6
DA:27,6
DA:28,5
DA:30,1
DA:37,9
DA:38,9
DA:39,4
DA:41,5
DA:43,4
DA:52,22
DA:53,22
DA:54,22
DA:55,7
DA:57,15
DA:59,7
DA:63,6
LF:26
LH:26
BRDA:9,0,0,41
BRDA:9,0,1,40
BRDA:10,1,0,26
BRDA:10,1,1,15
BRDA:27,2,0,1
BRDA:27,2,1,5
BRDA:38,3,0,4
BRDA:38,3,1,5
BRDA:38,4,0,9
BRDA:38,4,1,7
BRDA:54,5,0,7
BRDA:54,5,1,15
BRDA:54,6,0,22
BRDA:54,6,1,18
BRDA:54,6,2,6
BRF:15
BRH:15
end_of_record
TN:
SF:models/_testCommon.js
FN:7,commonBeforeAll
FN:26,(anonymous_1)
FN:29,commonBeforeEach
FN:33,commonAfterEach
FN:37,commonAfterAll
FNF:5
FNH:5
FNDA:2,commonBeforeAll
FNDA:6,(anonymous_1)
FNDA:17,commonBeforeEach
FNDA:17,commonAfterEach
FNDA:2,commonAfterAll
DA:1,2
DA:3,2
DA:4,2
DA:5,2
DA:8,2
DA:9,2
DA:11,2
DA:20,2
DA:26,6
DA:30,17
DA:34,17
DA:38,2
DA:41,2
LF:13
LH:13
BRF:0
BRH:0
end_of_record
TN:
SF:models/location.js
FN:15,(anonymous_0)
FN:65,(anonymous_1)
FN:92,(anonymous_2)
FN:116,(anonymous_3)
FNF:4
FNH:4
FNDA:3,(anonymous_0)
FNDA:5,(anonymous_1)
FNDA:1,(anonymous_2)
FNDA:5,(anonymous_3)
DA:1,6
DA:2,6
DA:3,6
DA:16,3
DA:53,3
DA:55,3
DA:66,5
DA:83,5
DA:85,5
DA:86,2
DA:93,1
DA:107,1
DA:108,1
DA:117,5
DA:122,5
DA:124,5
DA:128,6
LF:17
LH:17
BRDA:85,0,0,3
BRDA:85,0,1,2
BRDA:124,1,0,2
BRDA:124,1,1,3
BRF:4
BRH:4
end_of_record
TN:
SF:models/user.js
FN:20,(anonymous_0)
FN:51,(anonymous_1)
FN:88,(anonymous_2)
FN:125,(anonymous_3)
FNF:4
FNH:4
FNDA:6,(anonymous_0)
FNDA:15,(anonymous_1)
FNDA:5,(anonymous_2)
FNDA:5,(anonymous_3)
DA:1,6
DA:2,6
DA:8,6
DA:10,6
DA:22,6
DA:32,6
DA:34,6
DA:35,3
DA:36,3
DA:37,2
DA:38,2
DA:41,4
DA:52,15
DA:59,15
DA:60,1
DA:63,14
DA:65,14
DA:76,14
DA:78,14
DA:89,5
DA:97,5
DA:99,5
DA:101,3
DA:118,3
DA:120,3
DA:126,5
DA:133,5
DA:135,5
DA:139,6
LF:29
LH:29
BRDA:34,0,0,3
BRDA:34,0,1,3
BRDA:36,1,0,2
BRDA:36,1,1,1
BRDA:59,2,0,1
BRDA:59,2,1,14
BRDA:99,3,0,2
BRDA:99,3,1,3
BRDA:135,4,0,2
BRDA:135,4,1,3
BRF:10
BRH:10
end_of_record
TN:
SF:routes/_testCommon.js
FN:9,commonBeforeAll
FN:26,(anonymous_1)
FN:42,commonBeforeEach
FN:46,commonAfterEach
FN:50,commonAfterAll
FNF:5
FNH:5
FNDA:4,commonBeforeAll
FNDA:12,(anonymous_1)
FNDA:36,commonBeforeEach
FNDA:36,commonAfterEach
FNDA:4,commonAfterAll
DA:1,4
DA:2,4
DA:3,4
DA:4,4
DA:6,4
DA:7,4
DA:10,4
DA:11,4
DA:20,4
DA:26,12
DA:28,4
DA:35,4
DA:43,36
DA:47,36
DA:51,4
DA:53,4
DA:54,4
DA:55,4
DA:56,4
LF:19
LH:19
BRF:0
BRH:0
end_of_record
TN:
SF:routes/auth.js
FN:23,(anonymous_0)
FN:27,(anonymous_1)
FN:49,(anonymous_2)
FN:53,(anonymous_3)
FNF:4
FNH:4
FNDA:5,(anonymous_0)
FNDA:2,(anonymous_1)
FNDA:3,(anonymous_2)
FNDA:4,(anonymous_3)
DA:5,5
DA:6,5
DA:7,5
DA:9,5
DA:10,5
DA:11,5
DA:13,5
DA:14,5
DA:23,5
DA:24,5
DA:25,5
DA:26,5
DA:27,2
DA:28,2
DA:31,3
DA:32,3
DA:33,1
DA:34,1
DA:36,4
DA:49,5
DA:50,3
DA:51,3
DA:52,3
DA:53,4
DA:54,2
DA:57,1
DA:58,1
DA:59,1
DA:61,2
DA:65,5
LF:30
LH:30
BRDA:26,0,0,2
BRDA:26,0,1,3
BRDA:52,1,0,2
BRDA:52,1,1,1
BRF:4
BRH:4
end_of_record
TN:
SF:routes/locations.js
FN:16,(anonymous_0)
FN:31,(anonymous_1)
FN:53,(anonymous_2)
FN:57,(anonymous_3)
FN:77,(anonymous_4)
FNF:5
FNH:4
FNDA:3,(anonymous_0)
FNDA:2,(anonymous_1)
FNDA:2,(anonymous_2)
FNDA:0,(anonymous_3)
FNDA:3,(anonymous_4)
DA:1,5
DA:2,5
DA:3,5
DA:4,5
DA:9,5
DA:10,5
DA:11,5
DA:16,5
DA:18,3
DA:19,3
DA:20,3
DA:22,0
DA:28,5
DA:32,2
DA:33,2
DA:34,1
DA:36,1
DA:50,5
DA:54,2
DA:55,2
DA:56,2
DA:57,0
DA:58,0
DA:59,0
DA:61,2
DA:65,2
DA:67,0
DA:77,5
DA:78,3
DA:79,3
DA:80,2
DA:82,1
DA:86,5
LF:33
LH:28
BRDA:56,0,0,0
BRDA:56,0,1,2
BRF:2
BRH:1
end_of_record
TN:
SF:routes/users.js
FN:26,(anonymous_0)
FN:30,(anonymous_1)
FN:54,(anonymous_2)
FN:72,(anonymous_3)
FNF:4
FNH:4
FNDA:4,(anonymous_0)
FNDA:4,(anonymous_1)
FNDA:3,(anonymous_2)
FNDA:3,(anonymous_3)
DA:3,5
DA:4,5
DA:5,5
DA:9,5
DA:10,5
DA:11,5
DA:12,5
DA:13,5
DA:26,5
DA:27,4
DA:28,4
DA:29,4
DA:30,4
DA:31,2
DA:32,2
DA:35,2
DA:36,2
DA:37,2
DA:39,2
DA:51,5
DA:55,3
DA:56,3
DA:57,2
DA:59,1
DA:69,5
DA:73,3
DA:74,3
DA:75,2
DA:77,1
DA:82,5
LF:30
LH:30
BRDA:29,0,0,2
BRDA:29,0,1,2
BRF:2
BRH:2
end_of_record
TN:
SF:routes/weatherroute.js
FN:6,(anonymous_0)
FNF:1
FNH:1
FNDA:1,(anonymous_0)
DA:1,5
DA:2,5
DA:3,5
DA:4,5
DA:6,5
DA:7,1
DA:8,1
DA:9,1
DA:10,1
DA:11,1
DA:12,1
DA:14,0
DA:18,5
LF:13
LH:12
BRF:0
BRH:0
end_of_record
