TN:
SF:app.js
FN:13,(anonymous_0)
FN:18,(anonymous_1)
FNF:2
FNH:2
FNDA:2,(anonymous_0)
FNDA:7,(anonymous_1)
DA:2,2
DA:3,2
DA:5,2
DA:7,2
DA:9,2
DA:10,2
DA:13,2
DA:14,2
DA:18,2
DA:19,7
DA:20,7
DA:21,7
DA:23,7
DA:28,2
LF:14
LH:14
BRDA:19,0,0,1
BRDA:19,0,1,6
BRDA:20,1,0,7
BRDA:20,1,1,0
BRF:4
BRH:3
end_of_record
TN:
SF:config.js
FN:7,getDatabaseUri
FNF:1
FNH:1
FNDA:6,getDatabaseUri
DA:1,6
DA:3,6
DA:5,6
DA:8,6
DA:13,6
LF:5
LH:5
BRDA:1,0,0,6
BRDA:1,0,1,5
BRDA:3,1,0,6
BRDA:3,1,1,5
BRDA:5,2,0,5
BRDA:5,2,1,1
BRDA:8,3,0,4
BRDA:8,3,1,2
BRDA:10,4,0,2
BRDA:10,4,1,1
BRF:10
BRH:10
end_of_record
TN:
SF:db.js
FNF:0
FNH:0
DA:1,3
DA:2,3
DA:6,3
DA:7,0
DA:14,3
DA:19,3
DA:21,3
LF:7
LH:6
BRDA:6,0,0,0
BRDA:6,0,1,3
BRF:2
BRH:1
end_of_record
TN:
SF:expressError.js
FN:6,(anonymous_0)
FN:16,(anonymous_1)
FN:24,(anonymous_2)
FN:32,(anonymous_3)
FNF:4
FNH:4
FNDA:17,(anonymous_0)
FNDA:4,(anonymous_1)
FNDA:12,(anonymous_2)
FNDA:1,(anonymous_3)
DA:7,17
DA:8,17
DA:9,17
DA:17,4
DA:25,12
DA:33,1
DA:37,4
LF:7
LH:7
BRDA:16,0,0,2
BRDA:24,1,0,10
BRDA:32,2,0,0
BRF:3
BRH:2
end_of_record
TN:
SF:helpers/token.js
FN:6,createToken
FNF:1
FNH:1
FNDA:6,createToken
DA:1,3
DA:2,3
DA:7,6
DA:12,6
DA:17,6
DA:20,3
LF:6
LH:6
BRDA:14,0,0,6
BRDA:14,0,1,4
BRF:2
BRH:2
end_of_record
TN:
SF:middleware/auth.js
FN:7,authenticateJWT
FN:24,ensureLoggedIn
FN:35,ensureAdmin
FN:50,ensureAdminOrMatchingUser
FNF:4
FNH:4
FNDA:3,authenticateJWT
FNDA:2,ensureLoggedIn
FNDA:3,ensureAdmin
FNDA:9,ensureAdminOrMatchingUser
DA:2,3
DA:3,3
DA:4,3
DA:8,3
DA:9,3
DA:10,2
DA:11,2
DA:13,1
DA:15,2
DA:25,2
DA:26,2
DA:27,1
DA:29,1
DA:36,3
DA:37,3
DA:38,2
DA:40,1
DA:42,2
DA:51,9
DA:52,9
DA:53,9
DA:54,7
DA:56,2
DA:58,7
DA:62,3
LF:25
LH:25
BRDA:10,0,0,2
BRDA:10,0,1,0
BRDA:26,1,0,1
BRDA:26,1,1,1
BRDA:37,2,0,2
BRDA:37,2,1,1
BRDA:37,3,0,3
BRDA:37,3,1,2
BRDA:53,4,0,7
BRDA:53,4,1,2
BRDA:53,5,0,9
BRDA:53,5,1,3
BRDA:53,5,2,2
BRF:13
BRH:12
end_of_record
TN:
SF:models/_testCommon.js
FN:6,commonBeforeAll
FN:19,commonBeforeEach
FN:23,commonAfterEach
FN:27,commonAfterAll
FNF:4
FNH:4
FNDA:1,commonBeforeAll
FNDA:10,commonBeforeEach
FNDA:10,commonAfterEach
FNDA:1,commonAfterAll
DA:1,1
DA:3,1
DA:4,1
DA:7,1
DA:9,1
DA:20,10
DA:24,10
DA:28,1
DA:31,1
LF:9
LH:9
BRF:0
BRH:0
end_of_record
TN:
SF:models/user.js
FN:20,(anonymous_0)
FN:51,(anonymous_1)
FN:87,(anonymous_2)
FN:103,(anonymous_3)
FNF:4
FNH:4
FNDA:3,(anonymous_0)
FNDA:5,(anonymous_1)
FNDA:2,(anonymous_2)
FNDA:2,(anonymous_3)
DA:1,3
DA:2,3
DA:8,3
DA:10,3
DA:22,3
DA:32,3
DA:34,3
DA:35,1
DA:36,1
DA:37,1
DA:38,1
DA:41,2
DA:52,5
DA:59,5
DA:60,1
DA:63,4
DA:65,4
DA:76,4
DA:78,4
DA:88,2
DA:96,2
DA:97,2
DA:98,1
DA:104,2
DA:111,2
DA:113,2
DA:117,3
LF:27
LH:27
BRDA:34,0,0,1
BRDA:34,0,1,2
BRDA:36,1,0,1
BRDA:36,1,1,0
BRDA:59,2,0,1
BRDA:59,2,1,4
BRDA:97,3,0,1
BRDA:97,3,1,1
BRDA:113,4,0,1
BRDA:113,4,1,1
BRF:10
BRH:9
end_of_record
TN:
SF:routes/_testCommon.js
FN:6,commonBeforeAll
FN:16,commonBeforeEach
FN:20,commonAfterEach
FN:24,commonAfterAll
FNF:4
FNH:4
FNDA:1,commonBeforeAll
FNDA:5,commonBeforeEach
FNDA:5,commonAfterEach
FNDA:1,commonAfterAll
DA:1,1
DA:2,1
DA:4,1
DA:7,1
DA:9,1
DA:17,5
DA:21,5
DA:25,1
DA:27,1
DA:28,1
DA:29,1
DA:31,1
LF:12
LH:12
BRF:0
BRH:0
end_of_record
TN:
SF:routes/users.js
FN:23,(anonymous_0)
FNF:1
FNH:0
FNDA:0,(anonymous_0)
DA:3,2
DA:4,2
DA:8,2
DA:9,2
DA:10,2
DA:11,2
DA:20,2
DA:24,0
DA:25,0
DA:26,0
DA:28,0
DA:33,2
LF:12
LH:8
BRF:0
BRH:0
end_of_record
